Unable to capture context for thread 1804 in process 19988, can not generate back trace
Unable to capture context for thread 22212 in process 19988, can not generate back trace
Exception at PC 0x00007FFFEE04A388
Unable to capture context for thread 1804 in process 19988, can not generate back trace
Unable to capture context for thread 22212 in process 19988, can not generate back trace
Exception at PC 0x00007FFFA499BB93
Printing stacktrace...

Exception at PC 0x00007FFFEE04A388
Exception at PC 0x00007FFFEE04A388
Exception at PC 0x00007FFFEE04A388
Exception at PC 0x00007FFFEE04A388
Exception at PC 0x00007FFFEE04A388
Exception at PC 0x00007FFFEE04A388
Exception at PC 0x00007FFFEE04A388
Exception at PC 0x00007FFFEE04A388
Exception at PC 0x00007FFFEE04A388
Exception at PC 0x00007FFFEE04A388
[0]  [0x00007FFFA499BB93]
[1]  [0x00007FFFA499BB93]
[2]  [0x00007FFFA499B4A1]
[3]  [0x00007FFFA499B3EF]
[4]  [0x00007FFFA49819FE]
[5]  [0x00007FFFA4980ED1]
[6]  [0x00007FFFA4980D76]
[7]  [0x00007FFFA49279F6]
[8]  [0x00007FFFA4917AFB]
[9]  [0x00007FFFA4A3E90A]
[10]  [0x00007FFFA4A59F87]
[11]  [0x00007FFFA4A5A05F]
[12] (BaseThreadInitThunk+0x14) [0x00007FFFEEB54034]
[13] (RtlUserThreadStart+0x21) [0x00007FFFF1603691]
Done
Exception at PC 0x00007FFFEE04A388
Exception at PC 0x00007FFFEE04A388
Exception at PC 0x00007FFFEE04A388
Exception at PC 0x00007FFFEE04A388
Exception at PC 0x00007FFFEE04A388
Exception at PC 0x00007FFFEE04A388
Exception at PC 0x00007FFFEE04A388
Exception at PC 0x00007FFFEE04A388
